<?xml version="1.0" encoding="UTF-8"?>
<!-- Generated by org.testng.reporters.JUnitXMLReporter -->
<testsuite hostname="YP1009100LT" ignored="0" name="Test" tests="6" failures="0" timestamp="23 Jul 2020 10:45:10 GMT" time="0.524" errors="0">
  <testcase name="test1_Smoke" time="0.146" classname="com.test2.Smoke_Test"/>
  <testcase name="test1_Smoke2" time="0.005" classname="com.test2.Smoke_Test2"/>
  <testcase name="test2_Smoke" time="0.006" classname="com.test2.Smoke_Test"/>
  <testcase name="test2_Smoke2" time="0.001" classname="com.test2.Smoke_Test2"/>
  <testcase name="test3_Smoke" time="0.007" classname="com.test2.Smoke_Test"/>
  <testcase name="test3_Smoke2" time="0.006" classname="com.test2.Smoke_Test2"/>
</testsuite> <!-- Test -->
