<?xml version="1.0" encoding="UTF-8"?>
<!-- Generated by org.testng.reporters.JUnitXMLReporter -->
<testsuite hostname="YP1009100LT" ignored="0" name="Test" tests="6" failures="0" timestamp="24 Jul 2020 11:13:24 GMT" time="0.392" errors="0">
  <testcase name="test1_Smoke" time="0.131" classname="com.test2.Smoke_Test"/>
  <testcase name="test1_Smoke2" time="0.002" classname="com.test2.Smoke_Test2"/>
  <testcase name="test2_Smoke" time="0.001" classname="com.test2.Smoke_Test"/>
  <testcase name="test2_Smoke2" time="0.002" classname="com.test2.Smoke_Test2"/>
  <testcase name="test3_Smoke" time="0.003" classname="com.test2.Smoke_Test"/>
  <testcase name="test3_Smoke2" time="0.003" classname="com.test2.Smoke_Test2"/>
</testsuite> <!-- Test -->
